<?xml version="1.0" encoding="UTF-8" ?>
<testsuites>
  <testsuite errors="0" failures="0" hostname="eladio-System-Product-Name" id="0" name="RegisterFormValidatorTest" package="com.oldschool.user.registration.unittest.portlet" tests="1" time="0.057" timestamp="2013-03-05T20:20:18">
      <properties>
[...]
</properties>

      <testcase classname="com.oldschool.user.registration.unittest.portlet.RegisterFormValidatorTest" name="testValidateRegister" time="0.012" />

      <system-out><![CDATA[@Test - testValidateRegister
]]></system-out>

      <system-err><![CDATA[]]></system-err>

  </testsuite>
</testsuites>
